     1                                  bits 32 ; assembling for the 32 bits architecture
     2                                  
     3                                  global start        
     4                                  
     5                                  extern exit
     6                                  import exit msvcrt.dll
     7                                  
     8                                  
     9                                  ; a, b, c, d : byte
    10                                  ; (c+d+d)-(a+a+b)
    11                                  segment data use32 class=data
    12 00000000 0A                          a db 10
    13 00000001 05                          b db 5
    14 00000002 03                          c db 3
    15 00000003 07                          d db 7
    16 00000004 00                          x db 0
    17                                  
    18                                  
    19                                  segment code use32 class=code
    20                                      start:
    21 00000000 A0[02000000]                    MOV AL, [c]
    22 00000005 0205[03000000]                  ADD AL, [d]
    23 0000000B 0205[03000000]                  ADD AL, [d]
    24                                          
    25 00000011 8A25[00000000]                  MOV AH, [a]
    26 00000017 0225[00000000]                  ADD AH, [a]
    27 0000001D 0225[01000000]                  ADD AH, [b]
    28                                          
    29 00000023 28E0                            SUB AL, AH
    30 00000025 A2[04000000]                    MOV [x], AL
    31                                      
    32                                          ; exit(0)
    33 0000002A 6A00                            push    dword 0      ; push the parameter for exit onto the stack
    34 0000002C FF15[00000000]                  call    [exit]       ; call exit to terminate the program
