     1                                  bits 32 ; assembling for the 32 bits architecture
     2                                  
     3                                  global start        
     4                                  
     5                                  extern exit
     6                                  import exit msvcrt.dll
     7                                  
     8                                  
     9                                  ;(a+d+d)-c+(b+b)
    10                                  
    11                                  ; a-byte
    12                                  ; b-word
    13                                  ; c-double word
    14                                  ; d-qword
    15                                  segment data use32 class=data
    16 00000000 03                          a db 3
    17 00000001 0300                        b dw 3
    18 00000003 03000000                    c dd 3
    19 00000007 0700000000000000            d dq 7
    20                                  
    21                                  
    22                                  segment code use32 class=code
    23                                      start:;(a+d+d)-c+(b+b)
    24 00000000 A1[07000000]                    MOV EAX, [d]
    25 00000005 8B15[0B000000]                  MOV EDX, [d+4]
    26                                          
    27 0000000B 01C0                            ADD EAX, EAX
    28 0000000D 11D2                            ADC EDX, EDX
    29                                          
    30 0000000F 0205[00000000]                  ADD AL, [a]
    31                                          
    32 00000015 2B05[03000000]                  SUB EAX, [c]
    33                                          
    34 0000001B 8B1D[01000000]                  MOV EBX, [b]
    35 00000021 031D[01000000]                  ADD EBX, [b]
    36 00000027 01D8                            ADD EAX, EBX
    37                                          
    38                                      
    39                                          ; exit(0)
    40 00000029 6A00                            push    dword 0      ; push the parameter for exit onto the stack
    41 0000002B FF15[00000000]                  call    [exit]       ; call exit to terminate the program
