     1                                  bits 32 ; assembling for the 32 bits architecture
     2                                  
     3                                  global start        
     4                                  
     5                                  extern exit
     6                                  import exit msvcrt.dll
     7                                  
     8                                  
     9                                  ; a, b, c : byte
    10                                  ; (a+a)-(b+b)-c
    11                                  segment data use32 class=data
    12 00000000 0A                          a db 10
    13 00000001 05                          b db 5
    14 00000002 03                          c db 3
    15 00000003 00                          x db 0
    16                                  
    17                                  
    18                                  segment code use32 class=code
    19                                      start:
    20 00000000 8A25[00000000]                  MOV AH, [a]
    21 00000006 0225[00000000]                  ADD AH, [a]
    22                                          
    23 0000000C A0[01000000]                    MOV AL, [b]
    24 00000011 0205[01000000]                  ADD AL, [b]
    25                                          
    26 00000017 28C4                            SUB AH, AL
    27 00000019 2A25[02000000]                  SUB AH, [c]
    28 0000001F 8825[03000000]                  MOV [x], AH
    29                                      
    30                                          ; exit(0)
    31 00000025 6A00                            push    dword 0      ; push the parameter for exit onto the stack
    32 00000027 FF15[00000000]                  call    [exit]       ; call exit to terminate the program
