  Domain.c
c:\users\zetsu\source\repos\assign3-4\assign3-4\list.h(8): error C2061: syntax error: identifier 'product'
c:\users\zetsu\source\repos\assign3-4\assign3-4\list.h(10): error C2059: syntax error: '}'
c:\users\zetsu\source\repos\assign3-4\assign3-4\list.h(12): error C2143: syntax error: missing '{' before '*'
c:\users\zetsu\source\repos\assign3-4\assign3-4\list.h(13): error C2143: syntax error: missing ')' before '*'
c:\users\zetsu\source\repos\assign3-4\assign3-4\list.h(13): error C2143: syntax error: missing '{' before '*'
c:\users\zetsu\source\repos\assign3-4\assign3-4\list.h(13): error C2059: syntax error: ','
c:\users\zetsu\source\repos\assign3-4\assign3-4\list.h(13): error C2059: syntax error: ')'
c:\users\zetsu\source\repos\assign3-4\assign3-4\list.h(14): error C2143: syntax error: missing ')' before '*'
c:\users\zetsu\source\repos\assign3-4\assign3-4\list.h(14): error C2143: syntax error: missing '{' before '*'
c:\users\zetsu\source\repos\assign3-4\assign3-4\list.h(14): error C2059: syntax error: ')'
c:\users\zetsu\source\repos\assign3-4\assign3-4\list.h(14): error C2059: syntax error: ';'
c:\users\zetsu\source\repos\assign3-4\assign3-4\list.h(15): error C2143: syntax error: missing ')' before '*'
c:\users\zetsu\source\repos\assign3-4\assign3-4\list.h(15): error C2143: syntax error: missing '{' before '*'
c:\users\zetsu\source\repos\assign3-4\assign3-4\list.h(15): error C2059: syntax error: ')'
c:\users\zetsu\source\repos\assign3-4\assign3-4\list.h(15): error C2059: syntax error: ';'
c:\users\zetsu\source\repos\assign3-4\assign3-4\list.h(16): error C2143: syntax error: missing ')' before '*'
c:\users\zetsu\source\repos\assign3-4\assign3-4\list.h(16): error C2143: syntax error: missing '{' before '*'
c:\users\zetsu\source\repos\assign3-4\assign3-4\list.h(16): error C2059: syntax error: ','
c:\users\zetsu\source\repos\assign3-4\assign3-4\list.h(16): error C2059: syntax error: ')'
c:\users\zetsu\source\repos\assign3-4\assign3-4\list.h(17): error C2143: syntax error: missing ')' before '*'
c:\users\zetsu\source\repos\assign3-4\assign3-4\list.h(17): error C2143: syntax error: missing '{' before '*'
c:\users\zetsu\source\repos\assign3-4\assign3-4\list.h(17): error C2059: syntax error: ')'
c:\users\zetsu\source\repos\assign3-4\assign3-4\list.h(17): error C2059: syntax error: ';'
  main.c
c:\users\zetsu\source\repos\assign3-4\assign3-4\list.h(8): error C2061: syntax error: identifier 'product'
c:\users\zetsu\source\repos\assign3-4\assign3-4\list.h(10): error C2059: syntax error: '}'
c:\users\zetsu\source\repos\assign3-4\assign3-4\list.h(12): error C2143: syntax error: missing '{' before '*'
c:\users\zetsu\source\repos\assign3-4\assign3-4\list.h(13): error C2143: syntax error: missing ')' before '*'
c:\users\zetsu\source\repos\assign3-4\assign3-4\list.h(13): error C2143: syntax error: missing '{' before '*'
c:\users\zetsu\source\repos\assign3-4\assign3-4\list.h(13): error C2059: syntax error: ','
c:\users\zetsu\source\repos\assign3-4\assign3-4\list.h(13): error C2059: syntax error: ')'
c:\users\zetsu\source\repos\assign3-4\assign3-4\list.h(14): error C2143: syntax error: missing ')' before '*'
c:\users\zetsu\source\repos\assign3-4\assign3-4\list.h(14): error C2143: syntax error: missing '{' before '*'
c:\users\zetsu\source\repos\assign3-4\assign3-4\list.h(14): error C2059: syntax error: ')'
c:\users\zetsu\source\repos\assign3-4\assign3-4\list.h(14): error C2059: syntax error: ';'
c:\users\zetsu\source\repos\assign3-4\assign3-4\list.h(15): error C2143: syntax error: missing ')' before '*'
c:\users\zetsu\source\repos\assign3-4\assign3-4\list.h(15): error C2143: syntax error: missing '{' before '*'
c:\users\zetsu\source\repos\assign3-4\assign3-4\list.h(15): error C2059: syntax error: ')'
c:\users\zetsu\source\repos\assign3-4\assign3-4\list.h(15): error C2059: syntax error: ';'
c:\users\zetsu\source\repos\assign3-4\assign3-4\list.h(16): error C2143: syntax error: missing ')' before '*'
c:\users\zetsu\source\repos\assign3-4\assign3-4\list.h(16): error C2143: syntax error: missing '{' before '*'
c:\users\zetsu\source\repos\assign3-4\assign3-4\list.h(16): error C2059: syntax error: ','
c:\users\zetsu\source\repos\assign3-4\assign3-4\list.h(16): error C2059: syntax error: ')'
c:\users\zetsu\source\repos\assign3-4\assign3-4\list.h(17): error C2143: syntax error: missing ')' before '*'
c:\users\zetsu\source\repos\assign3-4\assign3-4\list.h(17): error C2143: syntax error: missing '{' before '*'
c:\users\zetsu\source\repos\assign3-4\assign3-4\list.h(17): error C2059: syntax error: ')'
c:\users\zetsu\source\repos\assign3-4\assign3-4\list.h(17): error C2059: syntax error: ';'
c:\users\zetsu\source\repos\assign3-4\assign3-4\main.c(56): error C2065: 'list': undeclared identifier
c:\users\zetsu\source\repos\assign3-4\assign3-4\main.c(56): error C2065: 'Ls': undeclared identifier
c:\users\zetsu\source\repos\assign3-4\assign3-4\main.c(56): warning C4047: '=': 'int' differs in levels of indirection from 'int *'
c:\users\zetsu\source\repos\assign3-4\assign3-4\main.c(56): error C2106: '=': left operand must be l-value
  Generating Code...
