     1                                  bits 32
     2                                  
     3                                  global start
     4                                  
     5                                  extern exit, fread, fclose, fopen, printf
     6                                  import exit msvcrt.dll
     7                                  import fread msvcrt.dll
     8                                  import fclose msvcrt.dll
     9                                  import fopen msvcrt.dll
    10                                  import printf msvcrt.dll
    11                                  
    12                                  segment data use32 class=data
    13 00000000 6E6563756C61692E74-         nume db "neculai.txt", 0
    13 00000009 787400             
    14 0000000C 7200                        mod_acces db "r", 0
    15 0000000E 00000000                    file_descr dd 0
    16                                      len EQU 100
    17 00000012 00<rept>                    sir times len db 0
    18                                      
    19 00000076 546578743A20257300          text db "Text: %s", 0
    20                                      
    21                                  segment code use32 class=code:
    22                                      start:
    23                                          ; open
    24 00000000 68[0C000000]                    push mod_acces
    25 00000005 68[00000000]                    push nume
    26 0000000A FF15[00000000]                  call [fopen]
    27                                          
    28 00000010 83C408                          add esp, 4*2
    29                                          
    30                                          ; if open successfully
    31 00000013 83F800                          cmp eax, 0
    32 00000016 743A                            je final
    33                                          
    34 00000018 A3[0E000000]                    mov [file_descr], eax
    35                                          
    36                                          ; write MOODLE.CS.UBBCLUJ.RO MAIL SCS
    37 0000001D FF35[0E000000]                  push dword [file_descr]
    38 00000023 6A64                            push dword len
    39 00000025 6A01                            push dword 1
    40 00000027 68[12000000]                    push sir
    41 0000002C FF15[00000000]                  call [fread]
    42 00000032 83C410                          add esp, 4*4
    43                                          
    44                                          ; eax = nr de caractere citite
    45                                          
    46 00000035 68[12000000]                    push sir
    47 0000003A FF15[00000000]                  call [printf]
    48 00000040 83C404                          add esp, 4
    49                                          
    50                                          ; close
    51 00000043 FF35[0E000000]                  push dword [file_descr]
    52 00000049 FF15[00000000]                  call [fclose]
    53 0000004F 83C404                          add esp, 4
    54                                          
    55                                          final:
    56 00000052 6A00                        push dword 0
    57 00000054 FF15[00000000]              call [exit]
