     1                                  bits 32
     2                                  
     3                                  global start
     4                                  
     5                                  extern exit, printf, scanf
     6                                  import exit msvcrt.dll
     7                                  import printf msvcrt.dll
     8                                  import scanf msvcrt.dll
     9                                  
    10                                  extern permuta
    11                                  
    12                                  
    13                                  ; %include "sum.asm"
    14                                  
    15                                  segment data use32 class=data
    16 00000000 00000000                    nr dd 0
    17 00000004 256400                      dform db '%d', 0
    18 00000007 25782000                    xform db '%x', 32, 0
    19                                      
    20 0000000B 4E756D61723A00              mesaj db 'Numar:', 0
    21                                      
    22                                      
    23                                  segment code use32 class=code:    
    24                                      start:
    25                                          
    26 00000000 68[0B000000]                    push mesaj
    27 00000005 FF15[00000000]                  call [printf]
    28 0000000B 83C404                          add esp, 4
    29                                          
    30 0000000E 68[00000000]                    push dword nr
    31 00000013 68[04000000]                    push dword dform
    32 00000018 FF15[00000000]                  call [scanf]
    33 0000001E 83C408                          add esp, 4*2
    34                                          
    35 00000021 FF35[00000000]                  push dword [nr]
    36 00000027 68[07000000]                    push dword xform
    37 0000002C FF15[00000000]                  call [printf]
    38 00000032 83C408                          add esp, 4*2
    39                                      
    40 00000035 B907000000                      mov ecx, 7
    41                                      
    42                                          bucluc:
    43 0000003A 51                                  push ecx
    44                                              
    45 0000003B FF35[00000000]                      push dword [nr]
    46 00000041 E8(00000000)                        call permuta
    47                                              
    48                                              ;mov [nr], eax
    49                                              
    50 00000046 FF35[00000000]                      push dword [nr]
    51 0000004C 68[07000000]                        push dword xform
    52 00000051 FF15[00000000]                      call [printf]
    53 00000057 83C408                              add esp, 4*2
    54                                              
    55 0000005A A1[00000000]                        mov eax, dword [nr]
    56                                              
    57 0000005F 59                                  pop ecx
    58                                              
    59 00000060 E2D8                            loop bucluc
    60                                          
    61                                          ;nasm -f obj simple_func.asm
    62                                          ;nasm -f obj sum.asm
    63                                          ;alink simple_func.obj sum.obj -oPE -subsys console -entry start
    64                                          
    65                                      
    66 00000062 6A00                        push dword 0
    67 00000064 FF15[00000000]              call [exit]
    68                                      
