     1                                  bits 32 ; assembling for the 32 bits architecture
     2                                  
     3                                  ; declare the EntryPoint (a label defining the very first instruction of the program)
     4                                  global start        
     5                                  
     6                                  ; declare external functions needed by our program
     7                                  extern exit, printf
     8                                  import exit msvcrt.dll
     9                                  import printf msvcrt.dll
    10                                  
    11                                  
    12                                  ; our data is declared here (the variables needed by our program)
    13                                  segment data use32 class=data
    14 00000000 313233343536                a db '123', '4', '56'
    15                                  
    16                                  ; our code starts here
    17                                  segment code use32 class=code
    18                                      start:
    19 00000000 66830D[00000000]02              or word [a], 2
    20                                      
    21                                          ; exit(0)
    22 00000008 6A00                            push    dword 0      ; push the parameter for exit onto the stack
    23 0000000A FF15[00000000]                  call    [exit]       ; call exit to terminate the program
