     1                                  bits 32
     2                                  
     3                                  global start
     4                                  
     5                                  extern exit, printf, scanf
     6                                  import exit msvcrt.dll
     7                                  import printf msvcrt.dll
     8                                  import scanf msvcrt.dll
     9                                  
    10                                  ; An array of dwords is defined in the data segment
    11                                  ; Display each element
    12                                  
    13                                  segment data use32 class=data
    14 00000000 00000000                    Z dd 0
    15 00000004 00000000                    H dd 0
    16                                      
    17 00000008 256400                      format db "%d",0
    18 0000000B 2564203D2030782578-         msj db "%d = 0x%x",0
    18 00000014 00                 
    19                                      
    20                                  segment code use32 class=code:
    21                                      start:
    22                                          
    23 00000000 68[00000000]                    push Z
    24 00000005 68[08000000]                    push format
    25 0000000A FF15[00000000]                  call [scanf]
    26 00000010 83C408                          add esp, 4*2
    27                                          
    28 00000013 8B0D[00000000]                  mov ECX, [Z]
    29 00000019 890D[04000000]                  mov [H], ECX
    30                                          
    31 0000001F FF35[04000000]                  push dword [H]
    32 00000025 FF35[00000000]                  push dword [Z]
    33 0000002B 68[0B000000]                    push msj
    34 00000030 FF15[00000000]                  call [printf]
    35                                          
    36 00000036 83C40C                          add esp, 4*3
    37                                          
    38                                          
    39 00000039 6A00                        push dword 0
    40 0000003B FF15[00000000]              call [exit]
