     1                                  bits 32
     2                                  
     3                                  global start
     4                                  
     5                                  extern exit
     6                                  import exit msvcrt.dll
     7                                  
     8                                  %include "sum.asm"
     1                              <1> ; protect from multiple inclusions
     2                              <1> %ifndef _SUMA_ASM_
     3                              <1> %define _SUMA_ASM_
     4                              <1> 
     5                              <1>     sum:
     6 00000000 55                  <1>         push ebp
     7 00000001 89E5                <1>         mov ebp, esp
     8                              <1>         
     9 00000003 8B4508              <1>         mov eax, [ebp+8]
    10 00000006 03450C              <1>         add eax, [ebp+12]
    11                              <1>         
    12 00000009 5D                  <1>         pop ebp
    13 0000000A C20800              <1>         RET 8
    14                              <1>         
    15                              <1> %endif
     9                                  
    10                                  segment data use32 class=data
    11                                      
    12                                      
    13                                  segment code use32 class=code:    
    14                                      start:
    15                                      
    16 00000000 6A02                            push dword 2
    17 00000002 6A03                            push dword 3
    18 00000004 E8(00000000)                    call sum
    19                                          
    20                                          
    21                                      
    22                                      
    23 00000009 6A00                        push dword 0
    24 0000000B FF15[00000000]              call [exit]
    25                                      
